C:\USERS\STEPHEN KENNICUTT\DROPBOX\CIRCUITSORTERWIN\CIRCUITSORTER\CIRCUITSORTER\DEBUG\GROUPING.OBJ
C:\USERS\STEPHEN KENNICUTT\DROPBOX\CIRCUITSORTERWIN\CIRCUITSORTER\CIRCUITSORTER\DEBUG\MAIN.OBJ
C:\USERS\STEPHEN KENNICUTT\DROPBOX\CIRCUITSORTERWIN\CIRCUITSORTER\CIRCUITSORTER\DEBUG\VC110.PDB
C:\USERS\STEPHEN KENNICUTT\DROPBOX\CIRCUITSORTERWIN\CIRCUITSORTER\DEBUG\CIRCUITSORTER.ILK
C:\USERS\STEPHEN KENNICUTT\DROPBOX\CIRCUITSORTERWIN\CIRCUITSORTER\DEBUG\CIRCUITSORTER.EXE
C:\USERS\STEPHEN KENNICUTT\DROPBOX\CIRCUITSORTERWIN\CIRCUITSORTER\DEBUG\CIRCUITSORTER.PDB
C:\Users\Stephen Kennicutt\Dropbox\CircuitSorterWin\CircuitSorter\CircuitSorter\Debug\grouping.obj
C:\Users\Stephen Kennicutt\Dropbox\CircuitSorterWin\CircuitSorter\CircuitSorter\Debug\main.obj
C:\Users\Stephen Kennicutt\Dropbox\CircuitSorterWin\CircuitSorter\CircuitSorter\Debug\cl.command.1.tlog
C:\Users\Stephen Kennicutt\Dropbox\CircuitSorterWin\CircuitSorter\CircuitSorter\Debug\CL.read.1.tlog
C:\Users\Stephen Kennicutt\Dropbox\CircuitSorterWin\CircuitSorter\CircuitSorter\Debug\CL.write.1.tlog
C:\Users\Stephen Kennicutt\Dropbox\CircuitSorterWin\CircuitSorter\CircuitSorter\Debug\link-cvtres.read.1.tlog
C:\Users\Stephen Kennicutt\Dropbox\CircuitSorterWin\CircuitSorter\CircuitSorter\Debug\link-cvtres.write.1.tlog
C:\Users\Stephen Kennicutt\Dropbox\CircuitSorterWin\CircuitSorter\CircuitSorter\Debug\link-rc.read.1.tlog
C:\Users\Stephen Kennicutt\Dropbox\CircuitSorterWin\CircuitSorter\CircuitSorter\Debug\link-rc.write.1.tlog
C:\Users\Stephen Kennicutt\Dropbox\CircuitSorterWin\CircuitSorter\CircuitSorter\Debug\link.command.1.tlog
C:\Users\Stephen Kennicutt\Dropbox\CircuitSorterWin\CircuitSorter\CircuitSorter\Debug\link.read.1.tlog
C:\Users\Stephen Kennicutt\Dropbox\CircuitSorterWin\CircuitSorter\CircuitSorter\Debug\link.write.1.tlog
C:\Users\Stephen Kennicutt\Dropbox\CircuitSorterWin\CircuitSorter\CircuitSorter\Debug\vc110.idb
C:\Users\Stephen Kennicutt\Dropbox\CircuitSorterWin\CircuitSorter\CircuitSorter\Debug\vc110.pdb
C:\Users\Stephen Kennicutt\Dropbox\CircuitSorterWin\CircuitSorter\Debug\CircuitSorter.pdb
C:\Users\Stephen Kennicutt\Dropbox\CircuitSorterWin\CircuitSorter\Debug\CircuitSorter.exe
C:\Users\Stephen Kennicutt\Dropbox\CircuitSorterWin\CircuitSorter\Debug\CircuitSorter.ilk
